[0m12:06:13.751602 [debug] [MainThread]: Sending event: {'category': 'dbt', 'action': 'invocation', 'label': 'start', 'context': [<snowplow_tracker.self_describing_json.SelfDescribingJson object at 0x7e15d3416d20>, <snowplow_tracker.self_describing_json.SelfDescribingJson object at 0x7e15d3586fc0>, <snowplow_tracker.self_describing_json.SelfDescribingJson object at 0x7e15d3e7cbc0>]}


============================== 12:06:13.756615 | 59e23b53-35f0-4cc3-853c-ecbb4a4e6d1d ==============================
[0m12:06:13.756615 [info ] [MainThread]: Running with dbt=1.8.8
[0m12:06:13.757386 [debug] [MainThread]: running dbt with arguments {'printer_width': '80', 'indirect_selection': 'eager', 'log_cache_events': 'False', 'write_json': 'True', 'partial_parse': 'True', 'cache_selected_only': 'False', 'profiles_dir': '/home/codespace/.dbt', 'version_check': 'True', 'debug': 'False', 'log_path': 'logs', 'warn_error': 'None', 'fail_fast': 'False', 'use_colors': 'True', 'use_experimental_parser': 'False', 'no_print': 'None', 'quiet': 'False', 'empty': 'None', 'log_format': 'default', 'introspect': 'True', 'warn_error_options': 'WarnErrorOptions(include=[], exclude=[])', 'invocation_command': 'dbt init', 'target_path': 'None', 'static_parser': 'True', 'send_anonymous_usage_stats': 'True'}
[0m12:06:20.667119 [debug] [MainThread]: Starter project path: /usr/local/python/3.12.1/lib/python3.12/site-packages/dbt/include/starter_project
[0m12:06:20.678020 [info ] [MainThread]: 
Your new dbt project "custom_postgres" was created!

For more information on how to configure the profiles.yml file,
please consult the dbt documentation here:

  https://docs.getdbt.com/docs/configure-your-profile

One more thing:

Need help? Don't hesitate to reach out to us via GitHub issues or on Slack:

  https://community.getdbt.com/

Happy modeling!

[0m12:06:20.679000 [info ] [MainThread]: Setting up your profile.
[0m12:08:47.749701 [info ] [MainThread]: Profile custom_postgres written to /home/codespace/.dbt/profiles.yml using target's profile_template.yml and your supplied values. Run 'dbt debug' to validate the connection.
[0m12:08:47.754418 [debug] [MainThread]: Resource report: {"command_name": "init", "command_success": true, "command_wall_clock_time": 154.09201, "process_user_time": 1.407337, "process_kernel_time": 0.120032, "process_mem_max_rss": "91484", "process_in_blocks": "1808", "process_out_blocks": "80"}
[0m12:08:47.755497 [debug] [MainThread]: Command `dbt init` succeeded at 12:08:47.755363 after 154.09 seconds
[0m12:08:47.756524 [debug] [MainThread]: Sending event: {'category': 'dbt', 'action': 'invocation', 'label': 'end', 'context': [<snowplow_tracker.self_describing_json.SelfDescribingJson object at 0x7e15d37208f0>, <snowplow_tracker.self_describing_json.SelfDescribingJson object at 0x7e15d3fba270>, <snowplow_tracker.self_describing_json.SelfDescribingJson object at 0x7e15d3f7efc0>]}
[0m12:08:47.757587 [debug] [MainThread]: Flushing usage events
